2018-02-18 13:09:55 INFO  [org.edu.alb.programming.sms.SMSRecipientSimulator] [main] - SMSRecipientSimulator starts ...
2018-02-18 13:09:55 INFO  [org.edu.alb.programming.sms.SMSRecipientSimulator] [main] - Showing welcome message...
2018-02-18 13:09:55 INFO  [org.edu.alb.programming.sms.SMSRecipientSimulator] [main] - Showing instructions...
2018-02-18 13:09:55 INFO  [org.edu.alb.programming.sms.SMSRecipientSimulator] [main] - Press Enter key to continue
2018-02-18 13:09:59 INFO  [org.edu.alb.programming.sms.threads.SMPPReceiverThread] [main] - SMPPReceiverThread constructor...
2018-02-18 13:09:59 INFO  [org.edu.alb.programming.sms.threads.SMSBatchProcessThread] [main] - SMSBatchProcessThread constructor...
2018-02-18 13:09:59 INFO  [org.edu.alb.programming.sms.threads.SMSDisplayThread] [main] - SMSDisplayThread constructor...
2018-02-18 13:09:59 INFO  [org.edu.alb.programming.sms.threads.SMPPReceiverThread] [Thread-0] - SMPPReceiverThread starts running...
2018-02-18 13:09:59 INFO  [org.edu.alb.programming.sms.threads.SMSBatchProcessThread] [Thread-1] - SMSBatchProcessThread starts running...
2018-02-18 13:09:59 INFO  [org.edu.alb.programming.sms.threads.SMSDisplayThread] [Thread-2] - SMSDisplayThread starts running...
2018-02-18 13:09:59 INFO  [org.edu.alb.programming.sms.threads.SMPPReceiverThread] [Thread-0] - SMPP Receiver is connected to SMSC.
2018-02-18 13:13:14 INFO  [org.edu.alb.programming.sms.SMSRecipientSimulator] [main] - SMSRecipientSimulator is sutting down. Please wait ...
2018-02-18 13:13:15 INFO  [org.edu.alb.programming.sms.threads.SMSDisplayThread] [Thread-2] - SMSDisplayThread ends...
2018-02-18 13:13:19 INFO  [org.edu.alb.programming.sms.threads.SMPPReceiverThread] [Thread-0] - Unbind successful...
2018-02-18 13:13:20 INFO  [org.edu.alb.programming.sms.threads.SMPPReceiverThread] [Thread-0] - SMPPReceiverThread ends...
2018-02-18 13:13:28 INFO  [org.edu.alb.programming.sms.threads.SMSBatchProcessThread] [Thread-1] - SMSBatchProcessThread ends...
2018-02-18 13:13:28 INFO  [org.edu.alb.programming.sms.SMSRecipientSimulator] [main] - SMSRecipientSimulator will shut down automatically
2018-02-18 13:14:10 INFO  [org.edu.alb.programming.sms.SMSRecipientSimulator] [main] - SMSRecipientSimulator starts ...
2018-02-18 13:14:10 INFO  [org.edu.alb.programming.sms.SMSRecipientSimulator] [main] - Showing welcome message...
2018-02-18 13:14:10 INFO  [org.edu.alb.programming.sms.SMSRecipientSimulator] [main] - Showing instructions...
2018-02-18 13:14:10 INFO  [org.edu.alb.programming.sms.SMSRecipientSimulator] [main] - Press Enter key to continue
2018-02-18 13:14:12 INFO  [org.edu.alb.programming.sms.threads.SMPPReceiverThread] [main] - SMPPReceiverThread constructor...
2018-02-18 13:14:12 INFO  [org.edu.alb.programming.sms.threads.SMSBatchProcessThread] [main] - SMSBatchProcessThread constructor...
2018-02-18 13:14:12 INFO  [org.edu.alb.programming.sms.threads.SMSDisplayThread] [main] - SMSDisplayThread constructor...
2018-02-18 13:14:12 INFO  [org.edu.alb.programming.sms.threads.SMPPReceiverThread] [Thread-0] - SMPPReceiverThread starts running...
2018-02-18 13:14:12 INFO  [org.edu.alb.programming.sms.threads.SMSBatchProcessThread] [Thread-1] - SMSBatchProcessThread starts running...
2018-02-18 13:14:12 INFO  [org.edu.alb.programming.sms.threads.SMSDisplayThread] [Thread-2] - SMSDisplayThread starts running...
2018-02-18 13:15:19 INFO  [org.edu.alb.programming.sms.threads.SMPPReceiverThread] [Thread-0] - SMPP Receiver is connected to SMSC.
2018-02-18 13:39:44 INFO  [org.edu.alb.programming.sms.SMSRecipientSimulator] [main] - SMSRecipientSimulator is sutting down. Please wait ...
2018-02-18 13:39:46 INFO  [org.edu.alb.programming.sms.threads.SMSDisplayThread] [Thread-2] - SMSDisplayThread ends...
2018-02-18 13:39:52 ERROR [org.edu.alb.programming.sms.threads.SMPPReceiverThread] [Thread-0] - java.io.IOException: Not connected
	at org.smpp.TCPIPConnection.send(TCPIPConnection.java:337)
	at org.smpp.Transmitter.send(Transmitter.java:69)
	at org.smpp.Session.send(Session.java:931)
	at org.smpp.Session.send(Session.java:984)
	at org.smpp.Session.unbind(Session.java:501)
	at org.edu.alb.programming.sms.threads.SMPPReceiverThread.unbind(SMPPReceiverThread.java:185)
	at org.edu.alb.programming.sms.threads.SMPPReceiverThread.run(SMPPReceiverThread.java:91)
	at java.lang.Thread.run(Thread.java:745)

2018-02-18 13:39:52 INFO  [org.edu.alb.programming.sms.threads.SMPPReceiverThread] [Thread-0] - Retrying unbind...
2018-02-18 13:39:52 ERROR [org.edu.alb.programming.sms.threads.SMPPReceiverThread] [Thread-0] - java.io.IOException: Not connected
	at org.smpp.TCPIPConnection.send(TCPIPConnection.java:337)
	at org.smpp.Transmitter.send(Transmitter.java:69)
	at org.smpp.Session.send(Session.java:931)
	at org.smpp.Session.send(Session.java:984)
	at org.smpp.Session.unbind(Session.java:501)
	at org.edu.alb.programming.sms.threads.SMPPReceiverThread.unbind(SMPPReceiverThread.java:185)
	at org.edu.alb.programming.sms.threads.SMPPReceiverThread.run(SMPPReceiverThread.java:96)
	at java.lang.Thread.run(Thread.java:745)

2018-02-18 13:39:52 INFO  [org.edu.alb.programming.sms.threads.SMPPReceiverThread] [Thread-0] - Unbind not successful...
2018-02-18 13:39:53 INFO  [org.edu.alb.programming.sms.threads.SMPPReceiverThread] [Thread-0] - SMPPReceiverThread ends...
2018-02-18 13:39:57 INFO  [org.edu.alb.programming.sms.threads.SMSBatchProcessThread] [Thread-1] - SMSBatchProcessThread ends...
2018-02-18 13:39:58 INFO  [org.edu.alb.programming.sms.SMSRecipientSimulator] [main] - SMSRecipientSimulator will shut down automatically
2018-02-18 13:43:39 INFO  [org.edu.alb.programming.sms.SMSRecipientSimulator] [main] - SMSRecipientSimulator starts ...
2018-02-18 13:43:39 INFO  [org.edu.alb.programming.sms.SMSRecipientSimulator] [main] - Showing welcome message...
2018-02-18 13:43:39 INFO  [org.edu.alb.programming.sms.SMSRecipientSimulator] [main] - Showing instructions...
2018-02-18 13:43:39 INFO  [org.edu.alb.programming.sms.SMSRecipientSimulator] [main] - Press Enter key to continue
2018-02-18 13:43:40 INFO  [org.edu.alb.programming.sms.threads.SMPPReceiverThread] [main] - SMPPReceiverThread constructor...
2018-02-18 13:43:40 INFO  [org.edu.alb.programming.sms.threads.SMSBatchProcessThread] [main] - SMSBatchProcessThread constructor...
2018-02-18 13:43:40 INFO  [org.edu.alb.programming.sms.threads.SMSDisplayThread] [main] - SMSDisplayThread constructor...
2018-02-18 13:43:40 INFO  [org.edu.alb.programming.sms.threads.SMPPReceiverThread] [Thread-0] - SMPPReceiverThread starts running...
2018-02-18 13:43:40 INFO  [org.edu.alb.programming.sms.threads.SMSDisplayThread] [Thread-2] - SMSDisplayThread starts running...
2018-02-18 13:43:40 INFO  [org.edu.alb.programming.sms.threads.SMSBatchProcessThread] [Thread-1] - SMSBatchProcessThread starts running...
2018-02-18 13:44:21 INFO  [org.edu.alb.programming.sms.SMSRecipientSimulator] [main] - SMSRecipientSimulator is sutting down. Please wait ...
2018-02-18 13:44:22 INFO  [org.edu.alb.programming.sms.threads.SMSDisplayThread] [Thread-2] - SMSDisplayThread ends...
2018-02-18 13:44:36 INFO  [org.edu.alb.programming.sms.threads.SMSBatchProcessThread] [Thread-1] - SMSBatchProcessThread ends...
2018-02-18 13:44:56 ERROR [org.edu.alb.programming.sms.threads.SMPPReceiverThread] [Thread-0] - java.net.ConnectException: Operation timed out
	at java.net.PlainSocketImpl.socketConnect(Native Method)
	at java.net.AbstractPlainSocketImpl.doConnect(AbstractPlainSocketImpl.java:339)
	at java.net.AbstractPlainSocketImpl.connectToAddress(AbstractPlainSocketImpl.java:200)
	at java.net.AbstractPlainSocketImpl.connect(AbstractPlainSocketImpl.java:182)
	at java.net.SocksSocketImpl.connect(SocksSocketImpl.java:392)
	at java.net.Socket.connect(Socket.java:579)
	at java.net.Socket.connect(Socket.java:528)
	at java.net.Socket.<init>(Socket.java:425)
	at java.net.Socket.<init>(Socket.java:208)
	at javax.net.DefaultSocketFactory.createSocket(SocketFactory.java:271)
	at org.smpp.TCPIPConnection.open(TCPIPConnection.java:244)
	at org.smpp.Session.open(Session.java:272)
	at org.smpp.Session.bind(Session.java:403)
	at org.smpp.Session.bind(Session.java:364)
	at org.edu.alb.programming.sms.threads.SMPPReceiverThread.bindToSmsc(SMPPReceiverThread.java:125)
	at org.edu.alb.programming.sms.threads.SMPPReceiverThread.run(SMPPReceiverThread.java:81)
	at java.lang.Thread.run(Thread.java:745)

2018-02-18 13:44:56 INFO  [org.edu.alb.programming.sms.SMSRecipientSimulator] [main] - SMSRecipientSimulator will shut down automatically
2018-02-18 13:45:41 INFO  [org.edu.alb.programming.sms.SMSRecipientSimulator] [main] - SMSRecipientSimulator starts ...
2018-02-18 13:45:41 INFO  [org.edu.alb.programming.sms.SMSRecipientSimulator] [main] - Showing welcome message...
2018-02-18 13:45:41 INFO  [org.edu.alb.programming.sms.SMSRecipientSimulator] [main] - Showing instructions...
2018-02-18 13:45:41 INFO  [org.edu.alb.programming.sms.SMSRecipientSimulator] [main] - Press Enter key to continue
2018-02-18 13:45:46 INFO  [org.edu.alb.programming.sms.threads.SMPPReceiverThread] [main] - SMPPReceiverThread constructor...
2018-02-18 13:45:46 INFO  [org.edu.alb.programming.sms.threads.SMSBatchProcessThread] [main] - SMSBatchProcessThread constructor...
2018-02-18 13:45:46 INFO  [org.edu.alb.programming.sms.threads.SMSDisplayThread] [main] - SMSDisplayThread constructor...
2018-02-18 13:45:46 INFO  [org.edu.alb.programming.sms.threads.SMPPReceiverThread] [Thread-0] - SMPPReceiverThread starts running...
2018-02-18 13:45:46 INFO  [org.edu.alb.programming.sms.threads.SMSBatchProcessThread] [Thread-1] - SMSBatchProcessThread starts running...
2018-02-18 13:45:46 INFO  [org.edu.alb.programming.sms.threads.SMSDisplayThread] [Thread-2] - SMSDisplayThread starts running...
2018-02-18 13:45:46 INFO  [org.edu.alb.programming.sms.threads.SMPPReceiverThread] [Thread-0] - SMPP Receiver is connected to SMSC.
2018-02-18 13:46:43 INFO  [org.edu.alb.programming.sms.threads.SMSDisplayThread] [Thread-2] - From: 1234
2018-02-18 13:46:43 INFO  [org.edu.alb.programming.sms.threads.SMSDisplayThread] [Thread-2] - To: 12345678900
2018-02-18 13:46:43 INFO  [org.edu.alb.programming.sms.threads.SMSDisplayThread] [Thread-2] - Content: hello
2018-02-18 13:46:43 INFO  [org.edu.alb.programming.sms.threads.SMSDisplayThread] [Thread-2] - Date time: Sun Feb 18 13:46:43 HKT 2018
2018-02-18 14:34:45 INFO  [org.edu.alb.programming.sms.threads.SMSDisplayThread] [Thread-2] - From: 1234
2018-02-18 14:34:45 INFO  [org.edu.alb.programming.sms.threads.SMSDisplayThread] [Thread-2] - To: 12345678900
2018-02-18 14:34:45 INFO  [org.edu.alb.programming.sms.threads.SMSDisplayThread] [Thread-2] - Content: مرحبا, CONCATENATE 函数可将最多 255 个文本字符串合并为一个文本字符串。联接项可以是文本、数字、单元格引用或这些项的组合。例如，如果您的工作表的单元格 A1 中包含某个人的名字，单元格 B1 中包含这个人的姓氏，那么，您可以通过使用以下公式将这两个值合并到另一个单元格中：
2018-02-18 14:34:45 INFO  [org.edu.alb.programming.sms.threads.SMSDisplayThread] [Thread-2] - Date time: Sun Feb 18 14:34:45 HKT 2018
2018-02-18 14:35:07 INFO  [org.edu.alb.programming.sms.threads.SMSDisplayThread] [Thread-2] - From: 1234
2018-02-18 14:35:07 INFO  [org.edu.alb.programming.sms.threads.SMSDisplayThread] [Thread-2] - To: 12345678900
2018-02-18 14:35:07 INFO  [org.edu.alb.programming.sms.threads.SMSDisplayThread] [Thread-2] - Content: مرحبا, CONCATENATE 函数可将最多 255 个文本字符串合并为一个文本字符串。联接项可以是文本、数字、单元格引用或这些项的组合。例如，如果您的工作表的单元格 A1 中包含某个人的名字，单元格 B1 中包含这个人的姓氏，那么，您可以通过使用以下公式将这两个值合并到另一个单元格中：
2018-02-18 14:35:07 INFO  [org.edu.alb.programming.sms.threads.SMSDisplayThread] [Thread-2] - Date time: Sun Feb 18 14:35:07 HKT 2018
2018-02-18 14:42:06 INFO  [org.edu.alb.programming.sms.threads.SMSDisplayThread] [Thread-2] - From: 1234
2018-02-18 14:42:06 INFO  [org.edu.alb.programming.sms.threads.SMSDisplayThread] [Thread-2] - To: 12345678900
2018-02-18 14:42:06 INFO  [org.edu.alb.programming.sms.threads.SMSDisplayThread] [Thread-2] - Content: hello
2018-02-18 14:42:06 INFO  [org.edu.alb.programming.sms.threads.SMSDisplayThread] [Thread-2] - Date time: Sun Feb 18 14:42:06 HKT 2018
2018-02-18 14:42:19 INFO  [org.edu.alb.programming.sms.threads.SMSDisplayThread] [Thread-2] - From: 1234
2018-02-18 14:42:19 INFO  [org.edu.alb.programming.sms.threads.SMSDisplayThread] [Thread-2] - To: 12345678900
2018-02-18 14:42:19 INFO  [org.edu.alb.programming.sms.threads.SMSDisplayThread] [Thread-2] - Content: CONCATENATE 函数可将最多 255 个文本字符串合并为一个文本字符串。联接项可以是文本、数字、单元格引用或这些项的组合。例如，如果您的工作表的单元格 A1 中包含某个人的名字，单元格 B1 中包含这个人的姓氏，那么，您可以通过使用以下公式将这两个值合并到另一个单元格中：
2018-02-18 14:42:19 INFO  [org.edu.alb.programming.sms.threads.SMSDisplayThread] [Thread-2] - Date time: Sun Feb 18 14:42:19 HKT 2018
2018-02-18 14:42:27 INFO  [org.edu.alb.programming.sms.threads.SMSDisplayThread] [Thread-2] - From: 1234
2018-02-18 14:42:27 INFO  [org.edu.alb.programming.sms.threads.SMSDisplayThread] [Thread-2] - To: 12345678900
2018-02-18 14:42:27 INFO  [org.edu.alb.programming.sms.threads.SMSDisplayThread] [Thread-2] - Content: مرحبا, CONCATENATE 函数可将最多 255 个文本字符串合并为一个文本字符串。联接项可以是文本、数字、单元格引用或这些项的组合。例如，如果您的工作表的单元格 A1 中包含某个人的名字，单元格 B1 中包含这个人的姓氏，那么，您可以通过使用以下公式将这两个值合并到另一个单元格中：
2018-02-18 14:42:27 INFO  [org.edu.alb.programming.sms.threads.SMSDisplayThread] [Thread-2] - Date time: Sun Feb 18 14:42:27 HKT 2018
2018-02-18 14:44:04 INFO  [org.edu.alb.programming.sms.threads.SMSDisplayThread] [Thread-2] - From: 1234
2018-02-18 14:44:04 INFO  [org.edu.alb.programming.sms.threads.SMSDisplayThread] [Thread-2] - To: 12345678900
2018-02-18 14:44:04 INFO  [org.edu.alb.programming.sms.threads.SMSDisplayThread] [Thread-2] - Content: hello
2018-02-18 14:44:04 INFO  [org.edu.alb.programming.sms.threads.SMSDisplayThread] [Thread-2] - Date time: Sun Feb 18 14:44:04 HKT 2018
2018-02-18 14:48:37 INFO  [org.edu.alb.programming.sms.threads.SMSDisplayThread] [Thread-2] - From: 1234
2018-02-18 14:48:37 INFO  [org.edu.alb.programming.sms.threads.SMSDisplayThread] [Thread-2] - To: 12345678900
2018-02-18 14:48:37 INFO  [org.edu.alb.programming.sms.threads.SMSDisplayThread] [Thread-2] - Content: hello
2018-02-18 14:48:37 INFO  [org.edu.alb.programming.sms.threads.SMSDisplayThread] [Thread-2] - Date time: Sun Feb 18 14:48:37 HKT 2018
2018-02-18 14:49:07 INFO  [org.edu.alb.programming.sms.threads.SMSDisplayThread] [Thread-2] - From: 1234
2018-02-18 14:49:07 INFO  [org.edu.alb.programming.sms.threads.SMSDisplayThread] [Thread-2] - To: 12345678900
2018-02-18 14:49:07 INFO  [org.edu.alb.programming.sms.threads.SMSDisplayThread] [Thread-2] - Content: CONCATENATE 函数可将最多 255 个文本字符串合并为一个文本字符串。联接项可以是文本、数字、单元格引用或这些项的组合。例如，如果您的工作表的单元格 A1 中包含某个人的名字，单元格 B1 中包含这个人的姓氏，那么，您可以通过使用以下公式将这两个值合并到另一个单元格中：
2018-02-18 14:49:07 INFO  [org.edu.alb.programming.sms.threads.SMSDisplayThread] [Thread-2] - Date time: Sun Feb 18 14:49:07 HKT 2018
2018-02-18 14:49:15 INFO  [org.edu.alb.programming.sms.threads.SMSDisplayThread] [Thread-2] - From: 1234
2018-02-18 14:49:15 INFO  [org.edu.alb.programming.sms.threads.SMSDisplayThread] [Thread-2] - To: 12345678900
2018-02-18 14:49:15 INFO  [org.edu.alb.programming.sms.threads.SMSDisplayThread] [Thread-2] - Content: مرحبا, CONCATENATE 函数可将最多 255 个文本字符串合并为一个文本字符串。联接项可以是文本、数字、单元格引用或这些项的组合。例如，如果您的工作表的单元格 A1 中包含某个人的名字，单元格 B1 中包含这个人的姓氏，那么，您可以通过使用以下公式将这两个值合并到另一个单元格中：
2018-02-18 14:49:15 INFO  [org.edu.alb.programming.sms.threads.SMSDisplayThread] [Thread-2] - Date time: Sun Feb 18 14:49:15 HKT 2018
2018-02-18 14:49:31 INFO  [org.edu.alb.programming.sms.SMSRecipientSimulator] [main] - SMSRecipientSimulator is sutting down. Please wait ...
2018-02-18 14:49:33 INFO  [org.edu.alb.programming.sms.threads.SMPPReceiverThread] [Thread-0] - Unbind successful...
2018-02-18 14:49:33 INFO  [org.edu.alb.programming.sms.threads.SMSDisplayThread] [Thread-2] - SMSDisplayThread ends...
2018-02-18 14:49:34 INFO  [org.edu.alb.programming.sms.threads.SMPPReceiverThread] [Thread-0] - SMPPReceiverThread ends...
2018-02-18 14:49:47 INFO  [org.edu.alb.programming.sms.threads.SMSBatchProcessThread] [Thread-1] - SMSBatchProcessThread ends...
2018-02-18 14:49:48 INFO  [org.edu.alb.programming.sms.SMSRecipientSimulator] [main] - SMSRecipientSimulator will shut down automatically
